<?xml version="1.0" encoding="UTF-8"?>
<testsuite name="unit.grupo3.Biolab.BiolabApplicationTests" tests="1" skipped="0" failures="0" errors="0" timestamp="2021-09-15T03:26:43" hostname="artur-ubots" time="0.197">
  <properties/>
  <testcase name="contextLoads()" classname="unit.grupo3.Biolab.BiolabApplicationTests" time="0.197"/>
  <system-out><![CDATA[00:26:20.996 [Test worker] DEBUG org.springframework.test.context.BootstrapUtils - Instantiating CacheAwareContextLoaderDelegate from class [org.springframework.test.context.cache.DefaultCacheAwareContextLoaderDelegate]
00:26:21.040 [Test worker] DEBUG org.springframework.test.context.BootstrapUtils - Instantiating BootstrapContext using constructor [public org.springframework.test.context.support.DefaultBootstrapContext(java.lang.Class,org.springframework.test.context.CacheAwareContextLoaderDelegate)]
00:26:21.143 [Test worker] DEBUG org.springframework.test.context.BootstrapUtils - Instantiating TestContextBootstrapper for test class [unit.grupo3.Biolab.BiolabApplicationTests] from class [org.springframework.boot.test.context.SpringBootTestContextBootstrapper]
00:26:21.172 [Test worker] INFO org.springframework.boot.test.context.SpringBootTestContextBootstrapper - Neither @ContextConfiguration nor @ContextHierarchy found for test class [unit.grupo3.Biolab.BiolabApplicationTests], using SpringBootContextLoader
00:26:21.181 [Test worker] DEBUG org.springframework.test.context.support.AbstractContextLoader - Did not detect default resource location for test class [unit.grupo3.Biolab.BiolabApplicationTests]: class path resource [unit/grupo3/Biolab/BiolabApplicationTests-context.xml] does not exist
00:26:21.182 [Test worker] DEBUG org.springframework.test.context.support.AbstractContextLoader - Did not detect default resource location for test class [unit.grupo3.Biolab.BiolabApplicationTests]: class path resource [unit/grupo3/Biolab/BiolabApplicationTestsContext.groovy] does not exist
00:26:21.184 [Test worker] INFO org.springframework.test.context.support.AbstractContextLoader - Could not detect default resource locations for test class [unit.grupo3.Biolab.BiolabApplicationTests]: no resource found for suffixes {-context.xml, Context.groovy}.
00:26:21.187 [Test worker] INFO org.springframework.test.context.support.AnnotationConfigContextLoaderUtils - Could not detect default configuration classes for test class [unit.grupo3.Biolab.BiolabApplicationTests]: BiolabApplicationTests does not declare any static, non-private, non-final, nested classes annotated with @Configuration.
00:26:21.309 [Test worker] DEBUG org.springframework.test.context.support.ActiveProfilesUtils - Could not find an 'annotation declaring class' for annotation type [org.springframework.test.context.ActiveProfiles] and class [unit.grupo3.Biolab.BiolabApplicationTests]
00:26:21.451 [Test worker] DEBUG org.springframework.context.annotation.ClassPathScanningCandidateComponentProvider - Identified candidate component class: file [/home/artur-ubots/Documentos/programacao/pessoal/Projeto_Laboratorio_Back-end/build/classes/java/main/unit/grupo3/Biolab/BiolabApplication.class]
00:26:21.453 [Test worker] INFO org.springframework.boot.test.context.SpringBootTestContextBootstrapper - Found @SpringBootConfiguration unit.grupo3.Biolab.BiolabApplication for test class unit.grupo3.Biolab.BiolabApplicationTests
00:26:21.749 [Test worker] DEBUG org.springframework.boot.test.context.SpringBootTestContextBootstrapper - @TestExecutionListeners is not present for class [unit.grupo3.Biolab.BiolabApplicationTests]: using defaults.
00:26:21.750 [Test worker] INFO org.springframework.boot.test.context.SpringBootTestContextBootstrapper - Loaded default TestExecutionListener class names from location [META-INF/spring.factories]: [org.springframework.boot.test.autoconfigure.restdocs.RestDocsTestExecutionListener, org.springframework.boot.test.autoconfigure.web.client.MockRestServiceServerResetTestExecutionListener, org.springframework.boot.test.autoconfigure.web.servlet.MockMvcPrintOnlyOnFailureTestExecutionListener, org.springframework.boot.test.autoconfigure.web.servlet.WebDriverTestExecutionListener, org.springframework.boot.test.autoconfigure.webservices.client.MockWebServiceServerTestExecutionListener, org.springframework.boot.test.mock.mockito.MockitoTestExecutionListener, org.springframework.boot.test.mock.mockito.ResetMocksTestExecutionListener, org.springframework.test.context.web.ServletTestExecutionListener, org.springframework.test.context.support.DirtiesContextBeforeModesTestExecutionListener, org.springframework.test.context.event.ApplicationEventsTestExecutionListener, org.springframework.test.context.support.DependencyInjectionTestExecutionListener, org.springframework.test.context.support.DirtiesContextTestExecutionListener, org.springframework.test.context.transaction.TransactionalTestExecutionListener, org.springframework.test.context.jdbc.SqlScriptsTestExecutionListener, org.springframework.test.context.event.EventPublishingTestExecutionListener]
00:26:21.784 [Test worker] INFO org.springframework.boot.test.context.SpringBootTestContextBootstrapper - Using TestExecutionListeners: [org.springframework.test.context.web.ServletTestExecutionListener@298b57a7, org.springframework.test.context.support.DirtiesContextBeforeModesTestExecutionListener@6e1c9086, org.springframework.test.context.event.ApplicationEventsTestExecutionListener@4e622827, org.springframework.boot.test.mock.mockito.MockitoTestExecutionListener@52569289, org.springframework.boot.test.autoconfigure.SpringBootDependencyInjectionTestExecutionListener@2113d10b, org.springframework.test.context.support.DirtiesContextTestExecutionListener@2b81fd0f, org.springframework.test.context.transaction.TransactionalTestExecutionListener@74fddb48, org.springframework.test.context.jdbc.SqlScriptsTestExecutionListener@1259dd84, org.springframework.test.context.event.EventPublishingTestExecutionListener@2dfddd4d, org.springframework.boot.test.autoconfigure.restdocs.RestDocsTestExecutionListener@9302478, org.springframework.boot.test.autoconfigure.web.client.MockRestServiceServerResetTestExecutionListener@130d998d, org.springframework.boot.test.autoconfigure.web.servlet.MockMvcPrintOnlyOnFailureTestExecutionListener@4fe4d395, org.springframework.boot.test.autoconfigure.web.servlet.WebDriverTestExecutionListener@cb07891, org.springframework.boot.test.autoconfigure.webservices.client.MockWebServiceServerTestExecutionListener@42b8e9b, org.springframework.boot.test.mock.mockito.ResetMocksTestExecutionListener@7b95ae62]
00:26:21.790 [Test worker] DEBUG org.springframework.test.context.support.AbstractDirtiesContextTestExecutionListener - Before test class: context [DefaultTestContext@59955534 testClass = BiolabApplicationTests, testInstance = [null], testMethod = [null], testException = [null], mergedContextConfiguration = [WebMergedContextConfiguration@33c48448 testClass = BiolabApplicationTests, locations = '{}', classes = '{class unit.grupo3.Biolab.BiolabApplication}', contextInitializerClasses = '[]', activeProfiles = '{}', propertySourceLocations = '{}', propertySourceProperties = '{org.springframework.boot.test.context.SpringBootTestContextBootstrapper=true}', contextCustomizers = set[org.springframework.boot.test.autoconfigure.actuate.metrics.MetricsExportContextCustomizerFactory$DisableMetricExportContextCustomizer@400eabb5, org.springframework.boot.test.autoconfigure.properties.PropertyMappingContextCustomizer@0, org.springframework.boot.test.autoconfigure.web.servlet.WebDriverContextCustomizerFactory$Customizer@2b46eb7, org.springframework.boot.test.context.filter.ExcludeFilterContextCustomizer@6d672753, org.springframework.boot.test.json.DuplicateJsonObjectContextCustomizerFactory$DuplicateJsonObjectContextCustomizer@9b2280f, org.springframework.boot.test.mock.mockito.MockitoContextCustomizer@0, org.springframework.boot.test.web.client.TestRestTemplateContextCustomizer@1c146ec6, org.springframework.boot.test.context.SpringBootTestArgs@1, org.springframework.boot.test.context.SpringBootTestWebEnvironment@66fb1789], resourceBasePath = 'src/main/webapp', contextLoader = 'org.springframework.boot.test.context.SpringBootContextLoader', parent = [null]], attributes = map['org.springframework.test.context.web.ServletTestExecutionListener.activateListener' -> true]], class annotated with @DirtiesContext [false] with mode [null].
00:26:21.893 [Test worker] DEBUG org.springframework.test.context.support.TestPropertySourceUtils - Adding inlined properties to environment: {spring.jmx.enabled=false, org.springframework.boot.test.context.SpringBootTestContextBootstrapper=true}

  .   ____          _            __ _ _
 /\\ / ___'_ __ _ _(_)_ __  __ _ \ \ \ \
( ( )\___ | '_ | '_| | '_ \/ _` | \ \ \ \
 \\/  ___)| |_)| | | | | || (_| |  ) ) ) )
  '  |____| .__|_| |_|_| |_\__, | / / / /
 =========|_|==============|___/=/_/_/_/
 :: Spring Boot ::                (v2.5.4)

2021-09-15 00:26:22.817  INFO 24114 --- [    Test worker] u.grupo3.Biolab.BiolabApplicationTests   : Starting BiolabApplicationTests using Java 1.8.0_292 on artur-ubots with PID 24114 (started by artur-ubots in /home/artur-ubots/Documentos/programacao/pessoal/Projeto_Laboratorio_Back-end)
2021-09-15 00:26:22.821  INFO 24114 --- [    Test worker] u.grupo3.Biolab.BiolabApplicationTests   : No active profile set, falling back to default profiles: default
2021-09-15 00:26:26.544  INFO 24114 --- [    Test worker] .s.d.r.c.RepositoryConfigurationDelegate : Bootstrapping Spring Data JPA repositories in DEFAULT mode.
2021-09-15 00:26:26.742  INFO 24114 --- [    Test worker] .s.d.r.c.RepositoryConfigurationDelegate : Finished Spring Data repository scanning in 164 ms. Found 1 JPA repository interfaces.
2021-09-15 00:26:29.242  INFO 24114 --- [    Test worker] o.hibernate.jpa.internal.util.LogHelper  : HHH000204: Processing PersistenceUnitInfo [name: default]
2021-09-15 00:26:29.399  INFO 24114 --- [    Test worker] org.hibernate.Version                    : HHH000412: Hibernate ORM core version 5.4.32.Final
2021-09-15 00:26:29.986  INFO 24114 --- [    Test worker] o.hibernate.annotations.common.Version   : HCANN000001: Hibernate Commons Annotations {5.1.2.Final}
2021-09-15 00:26:30.745  INFO 24114 --- [    Test worker] com.zaxxer.hikari.HikariDataSource       : HikariPool-1 - Starting...
2021-09-15 00:26:32.671  INFO 24114 --- [    Test worker] com.zaxxer.hikari.HikariDataSource       : HikariPool-1 - Start completed.
2021-09-15 00:26:32.722  INFO 24114 --- [    Test worker] org.hibernate.dialect.Dialect            : HHH000400: Using dialect: org.hibernate.dialect.PostgreSQLDialect
2021-09-15 00:26:37.936  INFO 24114 --- [    Test worker] o.h.e.t.j.p.i.JtaPlatformInitiator       : HHH000490: Using JtaPlatform implementation: [org.hibernate.engine.transaction.jta.platform.internal.NoJtaPlatform]
2021-09-15 00:26:38.018  INFO 24114 --- [    Test worker] j.LocalContainerEntityManagerFactoryBean : Initialized JPA EntityManagerFactory for persistence unit 'default'
2021-09-15 00:26:41.690  WARN 24114 --- [    Test worker] JpaBaseConfiguration$JpaWebConfiguration : spring.jpa.open-in-view is enabled by default. Therefore, database queries may be performed during view rendering. Explicitly configure spring.jpa.open-in-view to disable this warning
2021-09-15 00:26:43.610  INFO 24114 --- [    Test worker] u.grupo3.Biolab.BiolabApplicationTests   : Started BiolabApplicationTests in 21.694 seconds (JVM running for 24.507)
]]></system-out>
  <system-err><![CDATA[]]></system-err>
</testsuite>
