<?xml version="1.0" encoding="UTF-8"?>
<testsuite name="unit.grupo3.Biolab.BiolabApplicationTests" tests="1" skipped="0" failures="0" errors="0" timestamp="2021-09-29T21:05:30" hostname="artur-ubots" time="0.006">
  <properties/>
  <testcase name="contextLoads()" classname="unit.grupo3.Biolab.BiolabApplicationTests" time="0.006"/>
  <system-out><![CDATA[2021-09-29 18:05:28.713  INFO 5126 --- [    Test worker] .b.t.c.SpringBootTestContextBootstrapper : Neither @ContextConfiguration nor @ContextHierarchy found for test class [unit.grupo3.Biolab.BiolabApplicationTests], using SpringBootContextLoader
2021-09-29 18:05:28.714  INFO 5126 --- [    Test worker] o.s.t.c.support.AbstractContextLoader    : Could not detect default resource locations for test class [unit.grupo3.Biolab.BiolabApplicationTests]: no resource found for suffixes {-context.xml, Context.groovy}.
2021-09-29 18:05:28.714  INFO 5126 --- [    Test worker] t.c.s.AnnotationConfigContextLoaderUtils : Could not detect default configuration classes for test class [unit.grupo3.Biolab.BiolabApplicationTests]: BiolabApplicationTests does not declare any static, non-private, non-final, nested classes annotated with @Configuration.
2021-09-29 18:05:28.718  INFO 5126 --- [    Test worker] .b.t.c.SpringBootTestContextBootstrapper : Found @SpringBootConfiguration unit.grupo3.Biolab.BiolabApplication for test class unit.grupo3.Biolab.BiolabApplicationTests
2021-09-29 18:05:28.721  INFO 5126 --- [    Test worker] .b.t.c.SpringBootTestContextBootstrapper : Loaded default TestExecutionListener class names from location [META-INF/spring.factories]: [org.springframework.boot.test.autoconfigure.restdocs.RestDocsTestExecutionListener, org.springframework.boot.test.autoconfigure.web.client.MockRestServiceServerResetTestExecutionListener, org.springframework.boot.test.autoconfigure.web.servlet.MockMvcPrintOnlyOnFailureTestExecutionListener, org.springframework.boot.test.autoconfigure.web.servlet.WebDriverTestExecutionListener, org.springframework.boot.test.autoconfigure.webservices.client.MockWebServiceServerTestExecutionListener, org.springframework.boot.test.mock.mockito.MockitoTestExecutionListener, org.springframework.boot.test.mock.mockito.ResetMocksTestExecutionListener, org.springframework.test.context.web.ServletTestExecutionListener, org.springframework.test.context.support.DirtiesContextBeforeModesTestExecutionListener, org.springframework.test.context.event.ApplicationEventsTestExecutionListener, org.springframework.test.context.support.DependencyInjectionTestExecutionListener, org.springframework.test.context.support.DirtiesContextTestExecutionListener, org.springframework.test.context.transaction.TransactionalTestExecutionListener, org.springframework.test.context.jdbc.SqlScriptsTestExecutionListener, org.springframework.test.context.event.EventPublishingTestExecutionListener]
2021-09-29 18:05:28.722  INFO 5126 --- [    Test worker] .b.t.c.SpringBootTestContextBootstrapper : Using TestExecutionListeners: [org.springframework.test.context.web.ServletTestExecutionListener@55e25937, org.springframework.test.context.support.DirtiesContextBeforeModesTestExecutionListener@78465c45, org.springframework.test.context.event.ApplicationEventsTestExecutionListener@13aff009, org.springframework.boot.test.mock.mockito.MockitoTestExecutionListener@1a03c90f, org.springframework.boot.test.autoconfigure.SpringBootDependencyInjectionTestExecutionListener@5def1099, org.springframework.test.context.support.DirtiesContextTestExecutionListener@1701cb15, org.springframework.test.context.transaction.TransactionalTestExecutionListener@7b425e44, org.springframework.test.context.jdbc.SqlScriptsTestExecutionListener@7f8dab92, org.springframework.test.context.event.EventPublishingTestExecutionListener@5ac30722, org.springframework.boot.test.autoconfigure.restdocs.RestDocsTestExecutionListener@4383260c, org.springframework.boot.test.autoconfigure.web.client.MockRestServiceServerResetTestExecutionListener@2a5af046, org.springframework.boot.test.autoconfigure.web.servlet.MockMvcPrintOnlyOnFailureTestExecutionListener@38190fa4, org.springframework.boot.test.autoconfigure.web.servlet.WebDriverTestExecutionListener@7a21e592, org.springframework.boot.test.autoconfigure.webservices.client.MockWebServiceServerTestExecutionListener@20480f9c, org.springframework.boot.test.mock.mockito.ResetMocksTestExecutionListener@5ded1313]

  .   ____          _            __ _ _
 /\\ / ___'_ __ _ _(_)_ __  __ _ \ \ \ \
( ( )\___ | '_ | '_| | '_ \/ _` | \ \ \ \
 \\/  ___)| |_)| | | | | || (_| |  ) ) ) )
  '  |____| .__|_| |_|_| |_\__, | / / / /
 =========|_|==============|___/=/_/_/_/
 :: Spring Boot ::                (v2.5.4)

2021-09-29 18:05:28.771  INFO 5126 --- [    Test worker] u.grupo3.Biolab.BiolabApplicationTests   : Starting BiolabApplicationTests using Java 1.8.0_292 on artur-ubots with PID 5126 (started by artur-ubots in /home/artur-ubots/Documentos/programacao/pessoal/Projeto_Laboratorio_Back-end)
2021-09-29 18:05:28.773  INFO 5126 --- [    Test worker] u.grupo3.Biolab.BiolabApplicationTests   : No active profile set, falling back to default profiles: default
2021-09-29 18:05:28.995  INFO 5126 --- [    Test worker] .s.d.r.c.RepositoryConfigurationDelegate : Bootstrapping Spring Data JPA repositories in DEFAULT mode.
2021-09-29 18:05:29.005  INFO 5126 --- [    Test worker] .s.d.r.c.RepositoryConfigurationDelegate : Finished Spring Data repository scanning in 9 ms. Found 1 JPA repository interfaces.
2021-09-29 18:05:29.192  INFO 5126 --- [    Test worker] o.hibernate.jpa.internal.util.LogHelper  : HHH000204: Processing PersistenceUnitInfo [name: default]
2021-09-29 18:05:29.196  INFO 5126 --- [    Test worker] com.zaxxer.hikari.HikariDataSource       : HikariPool-2 - Starting...
2021-09-29 18:05:29.217  INFO 5126 --- [    Test worker] com.zaxxer.hikari.HikariDataSource       : HikariPool-2 - Start completed.
2021-09-29 18:05:29.218  INFO 5126 --- [    Test worker] org.hibernate.dialect.Dialect            : HHH000400: Using dialect: org.hibernate.dialect.PostgreSQLDialect
2021-09-29 18:05:29.407  INFO 5126 --- [    Test worker] o.h.e.t.j.p.i.JtaPlatformInitiator       : HHH000490: Using JtaPlatform implementation: [org.hibernate.engine.transaction.jta.platform.internal.NoJtaPlatform]
2021-09-29 18:05:29.407  INFO 5126 --- [    Test worker] j.LocalContainerEntityManagerFactoryBean : Initialized JPA EntityManagerFactory for persistence unit 'default'
2021-09-29 18:05:29.698  WARN 5126 --- [    Test worker] JpaBaseConfiguration$JpaWebConfiguration : spring.jpa.open-in-view is enabled by default. Therefore, database queries may be performed during view rendering. Explicitly configure spring.jpa.open-in-view to disable this warning
2021-09-29 18:05:30.149  INFO 5126 --- [    Test worker] u.grupo3.Biolab.BiolabApplicationTests   : Started BiolabApplicationTests in 1.424 seconds (JVM running for 9.719)
]]></system-out>
  <system-err><![CDATA[]]></system-err>
</testsuite>
